/usr/lib/python2.7/site-packages/celery/platforms.py:812: RuntimeWarning: You are running the worker with superuser privileges, which is
absolutely not recommended!

Please specify a different user using the -u option.

User information: uid=0 euid=0 gid=0 egid=0

  uid=uid, euid=euid, gid=gid, egid=egid,
[2016-09-01 19:45:47,440: DEBUG/MainProcess] | Worker: Preparing bootsteps.
[2016-09-01 19:45:47,490: DEBUG/MainProcess] | Worker: Building graph...
[2016-09-01 19:45:47,491: DEBUG/MainProcess] | Worker: New boot order: {Timer, Hub, Queues (intra), Pool, Autoscaler, Autoreloader, Beat, StateDB, Consumer}
[2016-09-01 19:45:47,599: DEBUG/MainProcess] | Consumer: Preparing bootsteps.
[2016-09-01 19:45:47,600: DEBUG/MainProcess] | Consumer: Building graph...
[2016-09-01 19:45:47,715: DEBUG/MainProcess] | Consumer: New boot order: {Connection, Events, Heart, Mingle, Tasks, Control, Agent, Gossip, event loop}
[2016-09-01 19:45:47,788: DEBUG/MainProcess] | Worker: Starting Hub
[2016-09-01 19:45:47,789: DEBUG/MainProcess] ^-- substep ok
[2016-09-01 19:45:47,789: DEBUG/MainProcess] | Worker: Starting Pool
[2016-09-01 19:45:47,846: DEBUG/MainProcess] ^-- substep ok
[2016-09-01 19:45:47,846: DEBUG/MainProcess] | Worker: Starting Beat
[2016-09-01 19:45:47,848: DEBUG/MainProcess] ^-- substep ok
[2016-09-01 19:45:47,849: DEBUG/MainProcess] | Worker: Starting Consumer
[2016-09-01 19:45:47,849: DEBUG/MainProcess] | Consumer: Starting Connection
[2016-09-01 19:45:47,861: INFO/MainProcess] Connected to redis://localhost:6379//
[2016-09-01 19:45:47,861: DEBUG/MainProcess] ^-- substep ok
[2016-09-01 19:45:47,861: DEBUG/MainProcess] | Consumer: Starting Events
[2016-09-01 19:45:47,864: INFO/Beat] beat: Starting...
[2016-09-01 19:45:47,875: DEBUG/MainProcess] ^-- substep ok
[2016-09-01 19:45:47,875: DEBUG/MainProcess] | Consumer: Starting Heart
[2016-09-01 19:45:47,877: DEBUG/MainProcess] ^-- substep ok
[2016-09-01 19:45:47,877: DEBUG/MainProcess] | Consumer: Starting Mingle
[2016-09-01 19:45:47,877: INFO/MainProcess] mingle: searching for neighbors
[2016-09-01 19:45:48,894: INFO/MainProcess] mingle: all alone
[2016-09-01 19:45:48,894: DEBUG/MainProcess] ^-- substep ok
[2016-09-01 19:45:48,894: DEBUG/MainProcess] | Consumer: Starting Tasks
[2016-09-01 19:45:48,903: DEBUG/MainProcess] ^-- substep ok
[2016-09-01 19:45:48,904: DEBUG/MainProcess] | Consumer: Starting Control
[2016-09-01 19:45:48,906: DEBUG/MainProcess] ^-- substep ok
[2016-09-01 19:45:48,906: DEBUG/MainProcess] | Consumer: Starting Gossip
[2016-09-01 19:45:48,909: DEBUG/MainProcess] ^-- substep ok
[2016-09-01 19:45:48,909: DEBUG/MainProcess] | Consumer: Starting event loop
[2016-09-01 19:45:48,909: WARNING/MainProcess] celery@d67b7a23ff1b ready.
[2016-09-01 19:45:48,910: DEBUG/MainProcess] | Worker: Hub.register Pool...
[2016-09-01 19:45:48,910: DEBUG/MainProcess] basic.qos: prefetch_count->8

worker: Warm shutdown (MainProcess)
[2016-09-01 19:46:03,635: DEBUG/MainProcess] | Worker: Closing Hub...
[2016-09-01 19:46:03,635: DEBUG/MainProcess] | Worker: Closing Pool...
[2016-09-01 19:46:03,636: DEBUG/MainProcess] | Worker: Closing Beat...
[2016-09-01 19:46:03,636: DEBUG/MainProcess] | Worker: Closing Consumer...
[2016-09-01 19:46:03,636: DEBUG/MainProcess] | Worker: Stopping Consumer...
[2016-09-01 19:46:03,636: DEBUG/MainProcess] | Consumer: Closing Connection...
[2016-09-01 19:46:03,636: DEBUG/MainProcess] | Consumer: Closing Events...
[2016-09-01 19:46:03,636: DEBUG/MainProcess] | Consumer: Closing Heart...
[2016-09-01 19:46:03,636: DEBUG/MainProcess] | Consumer: Closing Mingle...
[2016-09-01 19:46:03,636: DEBUG/MainProcess] | Consumer: Closing Tasks...
[2016-09-01 19:46:03,636: DEBUG/MainProcess] | Consumer: Closing Control...
[2016-09-01 19:46:03,637: DEBUG/MainProcess] | Consumer: Closing Gossip...
[2016-09-01 19:46:03,637: DEBUG/MainProcess] | Consumer: Closing event loop...
[2016-09-01 19:46:03,637: DEBUG/MainProcess] | Consumer: Stopping event loop...
[2016-09-01 19:46:03,637: DEBUG/MainProcess] | Consumer: Stopping Gossip...
[2016-09-01 19:46:03,638: DEBUG/MainProcess] | Consumer: Stopping Control...
[2016-09-01 19:46:03,639: DEBUG/MainProcess] | Consumer: Stopping Tasks...
[2016-09-01 19:46:03,639: DEBUG/MainProcess] Canceling task consumer...
[2016-09-01 19:46:03,639: DEBUG/MainProcess] | Consumer: Stopping Mingle...
[2016-09-01 19:46:03,639: DEBUG/MainProcess] | Consumer: Stopping Heart...
[2016-09-01 19:46:03,640: DEBUG/MainProcess] | Consumer: Stopping Events...
[2016-09-01 19:46:03,640: DEBUG/MainProcess] | Consumer: Stopping Connection...
[2016-09-01 19:46:03,640: DEBUG/MainProcess] | Worker: Stopping Beat...
[2016-09-01 19:46:03,641: INFO/MainProcess] beat: Shutting down...
[2016-09-01 19:46:03,641: DEBUG/MainProcess] | Worker: Stopping Pool...
[2016-09-01 19:46:04,645: DEBUG/MainProcess] | Worker: Stopping Hub...
[2016-09-01 19:46:04,646: DEBUG/MainProcess] | Consumer: Shutdown Gossip...
[2016-09-01 19:46:04,646: DEBUG/MainProcess] | Consumer: Shutdown Control...
[2016-09-01 19:46:04,647: DEBUG/MainProcess] | Consumer: Shutdown Tasks...
[2016-09-01 19:46:04,647: DEBUG/MainProcess] Canceling task consumer...
[2016-09-01 19:46:04,647: DEBUG/MainProcess] Closing consumer channel...
[2016-09-01 19:46:04,648: DEBUG/MainProcess] | Consumer: Shutdown Heart...
[2016-09-01 19:46:04,648: DEBUG/MainProcess] | Consumer: Shutdown Events...
[2016-09-01 19:46:04,648: DEBUG/MainProcess] | Consumer: Shutdown Connection...
 
 -------------- celery@d67b7a23ff1b v3.1.23 (Cipater)
---- **** ----- 
--- * ***  * -- Linux-4.4.0-34-generic-x86_64-with-centos-7.2.1511-Core
-- * - **** --- 
- ** ---------- [config]
- ** ---------- .> app:         cpcelery:0x1cf6b50
- ** ---------- .> transport:   redis://localhost:6379//
- ** ---------- .> results:     redis://
- *** --- * --- .> concurrency: 2 (prefork)
-- ******* ---- 
--- ***** ----- [queues]
 -------------- .> celery           exchange=celery(direct) key=celery
                

[tasks]
  . celery.backend_cleanup
  . celery.chain
  . celery.chord
  . celery.chord_unlock
  . celery.chunks
  . celery.group
  . celery.map
  . celery.starmap
  . cpcelery.serviced_shell

[2016-09-01 19:46:04,649: DEBUG/MainProcess] removing tasks from inqueue until task handler finished
/usr/lib/python2.7/site-packages/celery/platforms.py:812: RuntimeWarning: You are running the worker with superuser privileges, which is
absolutely not recommended!

Please specify a different user using the -u option.

User information: uid=0 euid=0 gid=0 egid=0

  uid=uid, euid=euid, gid=gid, egid=egid,
[2016-09-02 13:47:14,706: DEBUG/MainProcess] | Worker: Preparing bootsteps.
[2016-09-02 13:47:14,731: DEBUG/MainProcess] | Worker: Building graph...
[2016-09-02 13:47:14,731: DEBUG/MainProcess] | Worker: New boot order: {Timer, Hub, Queues (intra), Pool, Autoreloader, Beat, Autoscaler, StateDB, Consumer}
[2016-09-02 13:47:14,769: DEBUG/MainProcess] | Consumer: Preparing bootsteps.
[2016-09-02 13:47:14,769: DEBUG/MainProcess] | Consumer: Building graph...
[2016-09-02 13:47:14,854: DEBUG/MainProcess] | Consumer: New boot order: {Connection, Agent, Events, Heart, Mingle, Gossip, Tasks, Control, event loop}
[2016-09-02 13:47:15,328: DEBUG/MainProcess] | Worker: Starting Hub
[2016-09-02 13:47:15,328: DEBUG/MainProcess] ^-- substep ok
[2016-09-02 13:47:15,328: DEBUG/MainProcess] | Worker: Starting Pool
[2016-09-02 13:47:15,378: DEBUG/MainProcess] ^-- substep ok
[2016-09-02 13:47:15,378: DEBUG/MainProcess] | Worker: Starting Beat
[2016-09-02 13:47:15,380: DEBUG/MainProcess] ^-- substep ok
[2016-09-02 13:47:15,381: DEBUG/MainProcess] | Worker: Starting Consumer
[2016-09-02 13:47:15,381: DEBUG/MainProcess] | Consumer: Starting Connection
[2016-09-02 13:47:15,392: INFO/MainProcess] Connected to redis://localhost:6379//
[2016-09-02 13:47:15,393: DEBUG/MainProcess] ^-- substep ok
[2016-09-02 13:47:15,393: DEBUG/MainProcess] | Consumer: Starting Events
[2016-09-02 13:47:15,398: INFO/Beat] beat: Starting...
[2016-09-02 13:47:15,401: DEBUG/MainProcess] ^-- substep ok
[2016-09-02 13:47:15,401: DEBUG/MainProcess] | Consumer: Starting Heart
[2016-09-02 13:47:15,402: DEBUG/MainProcess] ^-- substep ok
[2016-09-02 13:47:15,402: DEBUG/MainProcess] | Consumer: Starting Mingle
[2016-09-02 13:47:15,402: INFO/MainProcess] mingle: searching for neighbors
[2016-09-02 13:47:16,407: INFO/MainProcess] mingle: all alone
[2016-09-02 13:47:16,407: DEBUG/MainProcess] ^-- substep ok
[2016-09-02 13:47:16,407: DEBUG/MainProcess] | Consumer: Starting Gossip
[2016-09-02 13:47:16,410: DEBUG/MainProcess] ^-- substep ok
[2016-09-02 13:47:16,410: DEBUG/MainProcess] | Consumer: Starting Tasks
[2016-09-02 13:47:16,417: DEBUG/MainProcess] ^-- substep ok
[2016-09-02 13:47:16,417: DEBUG/MainProcess] | Consumer: Starting Control
[2016-09-02 13:47:16,419: DEBUG/MainProcess] ^-- substep ok
[2016-09-02 13:47:16,419: DEBUG/MainProcess] | Consumer: Starting event loop
[2016-09-02 13:47:16,419: WARNING/MainProcess] celery@a74d14a39adc ready.
[2016-09-02 13:47:16,420: DEBUG/MainProcess] | Worker: Hub.register Pool...
[2016-09-02 13:47:16,420: DEBUG/MainProcess] basic.qos: prefetch_count->8

worker: Warm shutdown (MainProcess)
[2016-09-02 13:47:35,256: DEBUG/MainProcess] | Worker: Closing Hub...
[2016-09-02 13:47:35,256: DEBUG/MainProcess] | Worker: Closing Pool...
[2016-09-02 13:47:35,256: DEBUG/MainProcess] | Worker: Closing Beat...
[2016-09-02 13:47:35,256: DEBUG/MainProcess] | Worker: Closing Consumer...
[2016-09-02 13:47:35,256: DEBUG/MainProcess] | Worker: Stopping Consumer...
[2016-09-02 13:47:35,256: DEBUG/MainProcess] | Consumer: Closing Connection...
[2016-09-02 13:47:35,257: DEBUG/MainProcess] | Consumer: Closing Events...
[2016-09-02 13:47:35,257: DEBUG/MainProcess] | Consumer: Closing Heart...
[2016-09-02 13:47:35,257: DEBUG/MainProcess] | Consumer: Closing Mingle...
[2016-09-02 13:47:35,257: DEBUG/MainProcess] | Consumer: Closing Gossip...
[2016-09-02 13:47:35,257: DEBUG/MainProcess] | Consumer: Closing Tasks...
[2016-09-02 13:47:35,257: DEBUG/MainProcess] | Consumer: Closing Control...
[2016-09-02 13:47:35,257: DEBUG/MainProcess] | Consumer: Closing event loop...
[2016-09-02 13:47:35,257: DEBUG/MainProcess] | Consumer: Stopping event loop...
[2016-09-02 13:47:35,257: DEBUG/MainProcess] | Consumer: Stopping Control...
[2016-09-02 13:47:35,258: DEBUG/MainProcess] | Consumer: Stopping Tasks...
[2016-09-02 13:47:35,258: DEBUG/MainProcess] Canceling task consumer...
[2016-09-02 13:47:35,259: DEBUG/MainProcess] | Consumer: Stopping Gossip...
[2016-09-02 13:47:35,259: DEBUG/MainProcess] | Consumer: Stopping Mingle...
[2016-09-02 13:47:35,260: DEBUG/MainProcess] | Consumer: Stopping Heart...
[2016-09-02 13:47:35,261: DEBUG/MainProcess] | Consumer: Stopping Events...
[2016-09-02 13:47:35,261: DEBUG/MainProcess] | Consumer: Stopping Connection...
[2016-09-02 13:47:35,261: DEBUG/MainProcess] | Worker: Stopping Beat...
[2016-09-02 13:47:35,261: INFO/MainProcess] beat: Shutting down...
[2016-09-02 13:47:35,261: DEBUG/MainProcess] | Worker: Stopping Pool...
[2016-09-02 13:47:36,266: DEBUG/MainProcess] | Worker: Stopping Hub...
[2016-09-02 13:47:36,266: DEBUG/MainProcess] | Consumer: Shutdown Control...
[2016-09-02 13:47:36,267: DEBUG/MainProcess] | Consumer: Shutdown Tasks...
[2016-09-02 13:47:36,267: DEBUG/MainProcess] Canceling task consumer...
[2016-09-02 13:47:36,267: DEBUG/MainProcess] Closing consumer channel...
[2016-09-02 13:47:36,267: DEBUG/MainProcess] | Consumer: Shutdown Gossip...
[2016-09-02 13:47:36,268: DEBUG/MainProcess] | Consumer: Shutdown Heart...
[2016-09-02 13:47:36,268: DEBUG/MainProcess] | Consumer: Shutdown Events...
[2016-09-02 13:47:36,268: DEBUG/MainProcess] | Consumer: Shutdown Connection...
 
 -------------- celery@a74d14a39adc v3.1.23 (Cipater)
---- **** ----- 
--- * ***  * -- Linux-4.4.0-34-generic-x86_64-with-centos-7.2.1511-Core
-- * - **** --- 
- ** ---------- [config]
- ** ---------- .> app:         cpcelery:0x1603b50
- ** ---------- .> transport:   redis://localhost:6379//
- ** ---------- .> results:     redis://
- *** --- * --- .> concurrency: 2 (prefork)
-- ******* ---- 
--- ***** ----- [queues]
 -------------- .> celery           exchange=celery(direct) key=celery
                

[tasks]
  . celery.backend_cleanup
  . celery.chain
  . celery.chord
  . celery.chord_unlock
  . celery.chunks
  . celery.group
  . celery.map
  . celery.starmap
  . cpcelery.serviced_shell

[2016-09-02 13:47:36,269: DEBUG/MainProcess] removing tasks from inqueue until task handler finished
