2016-09-01 19:45:40,575 CRIT Supervisor running as root (no user in config file)
2016-09-01 19:45:40,794 INFO RPC interface 'supervisor' initialized
2016-09-01 19:45:40,795 CRIT Server 'inet_http_server' running without any HTTP authentication checking
2016-09-01 19:45:40,795 INFO supervisord started with pid 1
2016-09-01 19:45:41,798 INFO spawned: 'celery' with pid 9
2016-09-01 19:45:41,801 INFO spawned: 'redis' with pid 10
2016-09-01 19:45:42,992 INFO success: redis entered RUNNING state, process has stayed up for > than 1 seconds (startsecs)
2016-09-01 19:45:51,915 INFO success: celery entered RUNNING state, process has stayed up for > than 10 seconds (startsecs)
2016-09-01 19:46:03,619 WARN received SIGTERM indicating exit request
2016-09-01 19:46:03,619 INFO waiting for celery, redis to die
2016-09-01 19:46:03,634 INFO stopped: redis (exit status 0)
2016-09-01 19:46:05,268 INFO stopped: celery (exit status 0)
2016-09-01 19:46:05,269 INFO reaped unknown pid 21
2016-09-02 13:47:08,511 CRIT Supervisor running as root (no user in config file)
2016-09-02 13:47:08,718 INFO RPC interface 'supervisor' initialized
2016-09-02 13:47:08,718 CRIT Server 'inet_http_server' running without any HTTP authentication checking
2016-09-02 13:47:08,718 INFO supervisord started with pid 1
2016-09-02 13:47:09,722 INFO spawned: 'celery' with pid 9
2016-09-02 13:47:09,723 INFO spawned: 'redis' with pid 10
2016-09-02 13:47:10,899 INFO success: redis entered RUNNING state, process has stayed up for > than 1 seconds (startsecs)
2016-09-02 13:47:20,425 INFO success: celery entered RUNNING state, process has stayed up for > than 10 seconds (startsecs)
2016-09-02 13:47:35,175 WARN received SIGTERM indicating exit request
2016-09-02 13:47:35,175 INFO waiting for celery, redis to die
2016-09-02 13:47:35,255 INFO stopped: redis (exit status 0)
2016-09-02 13:47:36,850 INFO stopped: celery (exit status 0)
2016-09-02 13:47:36,850 INFO reaped unknown pid 21
